[2026-03-26T02:00:04.238Z] [runner] verbose logging enabled
[2026-03-26T02:00:11.534Z] [runner] goto https://item.jd.com/100098827375.html
[2026-03-26T02:00:15.442Z] [runner] page_state {"visibilityState":"visible","innerWidth":1439,"innerHeight":1142,"scrollY":0}
[2026-03-26T02:00:28.379Z] [runner] wait_purchase_area_ready
[2026-03-26T02:00:29.457Z] [runner] check_login
[2026-03-26T02:00:29.473Z] [runner] check_risk
[2026-03-26T02:00:29.561Z] [runner] find_purchase_entry attempt 1
[2026-03-26T02:00:30.421Z] [runner] goto https://item.jd.com/100174519889.html
[2026-03-26T02:00:31.100Z] [runner] page_state {"visibilityState":"visible","innerWidth":1439,"innerHeight":1142,"scrollY":0}
[2026-03-26T02:00:45.885Z] [runner] wait_purchase_area_ready
[2026-03-26T02:00:46.949Z] [runner] check_login
[2026-03-26T02:00:46.964Z] [runner] check_risk
[2026-03-26T02:00:47.054Z] [runner] find_purchase_entry attempt 1
[2026-03-26T02:00:47.072Z] [runner] purchase_found 立即购买  attempt 1
[2026-03-26T02:00:47.073Z] [runner] click_purchase attempt 1
[2026-03-26T02:00:47.115Z] [runner] wait_purchase_flow attempt 1
[2026-03-26T02:00:54.818Z] [runner] post_purchase_kind checkout
[2026-03-26T02:00:54.818Z] [runner] price_info {"price_text":"商品总额 ￥10299.00","price_value":"10299.00","currency":"CNY","checkout_signal":"商品总额"} isCheckout= true
[2026-03-26T02:00:55.252Z] [runner] goto https://item.jd.com/100087543382.html
[2026-03-26T02:00:56.003Z] [runner] page_state {"visibilityState":"visible","innerWidth":1439,"innerHeight":1142,"scrollY":0}
[2026-03-26T02:01:09.787Z] [runner] wait_purchase_area_ready
[2026-03-26T02:01:10.855Z] [runner] check_login
[2026-03-26T02:01:10.870Z] [runner] check_risk
[2026-03-26T02:01:11.009Z] [runner] find_purchase_entry attempt 1
[2026-03-26T02:01:11.656Z] [runner] goto https://item.jd.com/100091011046.html
[2026-03-26T02:01:13.475Z] [runner] page_state {"visibilityState":"visible","innerWidth":1439,"innerHeight":1142,"scrollY":0}
[2026-03-26T02:01:25.700Z] [runner] wait_purchase_area_ready
[2026-03-26T02:01:26.769Z] [runner] check_login
[2026-03-26T02:01:26.782Z] [runner] check_risk
[2026-03-26T02:01:26.842Z] [runner] find_purchase_entry attempt 1
[2026-03-26T02:01:27.501Z] [runner] goto https://item.jd.com/100226664582.html
[2026-03-26T02:01:28.367Z] [runner] page_state {"visibilityState":"visible","innerWidth":1439,"innerHeight":1142,"scrollY":0}
[2026-03-26T02:01:42.417Z] [runner] wait_purchase_area_ready
[2026-03-26T02:01:43.873Z] [runner] check_login
[2026-03-26T02:01:43.886Z] [runner] check_risk
[2026-03-26T02:01:44.004Z] [runner] find_purchase_entry attempt 1
[2026-03-26T02:01:44.050Z] [runner] purchase_found 立即购买  attempt 1
[2026-03-26T02:01:44.050Z] [runner] click_purchase attempt 1
[2026-03-26T02:01:44.113Z] [runner] wait_purchase_flow attempt 1
[2026-03-26T02:01:51.077Z] [runner] post_purchase_kind checkout
[2026-03-26T02:01:51.077Z] [runner] price_info {"price_text":"商品总额 ￥13499.00","price_value":"13499.00","currency":"CNY","checkout_signal":"商品总额"} isCheckout= true
[2026-03-26T02:03:21.050Z] [runner] goto https://item.jd.com/100174888119.html
[2026-03-26T02:03:21.508Z] [runner] page_state {"visibilityState":"visible","innerWidth":1439,"innerHeight":1142,"scrollY":0}
[2026-03-26T02:03:30.053Z] [runner] wait_purchase_area_ready
[2026-03-26T02:03:31.114Z] [runner] check_login
[2026-03-26T02:03:31.117Z] [runner] check_risk
[2026-03-26T02:03:31.174Z] [runner] find_purchase_entry attempt 1
[2026-03-26T02:03:31.190Z] [runner] purchase_found 立即购买  attempt 1
[2026-03-26T02:03:31.190Z] [runner] click_purchase attempt 1
[2026-03-26T02:03:31.232Z] [runner] wait_purchase_flow attempt 1
[2026-03-26T02:03:39.177Z] [runner] post_purchase_kind checkout
[2026-03-26T02:03:39.177Z] [runner] price_info {"price_text":"商品总额 ￥13999.00","price_value":"13999.00","currency":"CNY","checkout_signal":"商品总额"} isCheckout= true
[2026-03-26T02:03:39.549Z] [runner] goto https://item.jd.com/100226664586.html
[2026-03-26T02:03:39.881Z] [runner] page_state {"visibilityState":"visible","innerWidth":1439,"innerHeight":1142,"scrollY":0}
[2026-03-26T02:03:52.314Z] [runner] wait_purchase_area_ready
[2026-03-26T02:03:53.371Z] [runner] check_login
[2026-03-26T02:03:53.374Z] [runner] check_risk
[2026-03-26T02:03:53.430Z] [runner] find_purchase_entry attempt 1
[2026-03-26T02:03:53.446Z] [runner] purchase_found 立即购买  attempt 1
[2026-03-26T02:03:53.446Z] [runner] click_purchase attempt 1
[2026-03-26T02:03:53.482Z] [runner] wait_purchase_flow attempt 1
[2026-03-26T02:03:57.978Z] [runner] post_purchase_kind checkout
[2026-03-26T02:03:57.979Z] [runner] price_info {"price_text":"商品总额 ￥14999.00","price_value":"14999.00","currency":"CNY","checkout_signal":"商品总额"} isCheckout= true
[2026-03-26T02:03:58.377Z] [runner] goto https://item.jd.com/100218146944.html
[2026-03-26T02:03:58.722Z] [runner] page_state {"visibilityState":"visible","innerWidth":1439,"innerHeight":1142,"scrollY":0}
[2026-03-26T02:04:15.215Z] [runner] wait_purchase_area_ready
[2026-03-26T02:04:16.277Z] [runner] check_login
[2026-03-26T02:04:16.280Z] [runner] check_risk
[2026-03-26T02:04:16.368Z] [runner] find_purchase_entry attempt 1
[2026-03-26T02:04:16.387Z] [runner] purchase_found 立即购买  attempt 1
[2026-03-26T02:04:16.387Z] [runner] click_purchase attempt 1
[2026-03-26T02:04:16.438Z] [runner] wait_purchase_flow attempt 1
[2026-03-26T02:04:22.182Z] [runner] post_purchase_kind checkout
[2026-03-26T02:04:22.182Z] [runner] price_info {"price_text":"商品总额 ￥16199.00","price_value":"16199.00","currency":"CNY","checkout_signal":"商品总额"} isCheckout= true
[2026-03-26T02:04:22.596Z] [runner] goto https://item.jd.com/100218146948.html
[2026-03-26T02:04:22.974Z] [runner] page_state {"visibilityState":"visible","innerWidth":1439,"innerHeight":1142,"scrollY":0}
[2026-03-26T02:04:36.059Z] [runner] wait_purchase_area_ready
[2026-03-26T02:04:37.121Z] [runner] check_login
[2026-03-26T02:04:37.124Z] [runner] check_risk
[2026-03-26T02:04:37.202Z] [runner] find_purchase_entry attempt 1
[2026-03-26T02:04:37.915Z] [runner] goto https://item.jd.com/100205183444.html
[2026-03-26T02:04:38.303Z] [runner] page_state {"visibilityState":"visible","innerWidth":1439,"innerHeight":1142,"scrollY":0}
[2026-03-26T02:04:50.450Z] [runner] wait_purchase_area_ready
[2026-03-26T02:04:51.518Z] [runner] check_login
[2026-03-26T02:04:51.521Z] [runner] check_risk
[2026-03-26T02:04:51.585Z] [runner] find_purchase_entry attempt 1
[2026-03-26T02:06:41.870Z] [runner] goto https://item.jd.com/100226110098.html
[2026-03-26T02:06:42.382Z] [runner] page_state {"visibilityState":"visible","innerWidth":1439,"innerHeight":1142,"scrollY":0}
[2026-03-26T02:06:58.232Z] [runner] wait_purchase_area_ready
[2026-03-26T02:06:59.326Z] [runner] check_login
[2026-03-26T02:06:59.330Z] [runner] check_risk
[2026-03-26T02:06:59.415Z] [runner] find_purchase_entry attempt 1
[2026-03-26T02:06:59.443Z] [runner] purchase_found 立即购买  attempt 1
[2026-03-26T02:06:59.443Z] [runner] click_purchase attempt 1
[2026-03-26T02:06:59.489Z] [runner] wait_purchase_flow attempt 1
[2026-03-26T02:07:06.018Z] [runner] post_purchase_kind checkout
[2026-03-26T02:07:06.018Z] [runner] price_info {"price_text":"商品总额 ￥10799.00","price_value":"10799.00","currency":"CNY","checkout_signal":"商品总额"} isCheckout= true
[2026-03-26T02:07:06.421Z] [runner] goto https://item.jd.com/100226110114.html
[2026-03-26T02:07:06.753Z] [runner] page_state {"visibilityState":"visible","innerWidth":1439,"innerHeight":1142,"scrollY":0}
[2026-03-26T02:07:21.702Z] [runner] wait_purchase_area_ready
[2026-03-26T02:07:22.760Z] [runner] check_login
[2026-03-26T02:07:22.763Z] [runner] check_risk
[2026-03-26T02:07:22.846Z] [runner] find_purchase_entry attempt 1
[2026-03-26T02:07:22.873Z] [runner] purchase_found 立即购买  attempt 1
[2026-03-26T02:07:22.873Z] [runner] click_purchase attempt 1
[2026-03-26T02:07:22.914Z] [runner] wait_purchase_flow attempt 1
[2026-03-26T02:07:28.066Z] [runner] post_purchase_kind checkout
[2026-03-26T02:07:28.066Z] [runner] price_info {"price_text":"商品总额 ￥12199.00","price_value":"12199.00","currency":"CNY","checkout_signal":"商品总额"} isCheckout= true
[2026-03-26T02:07:28.489Z] [runner] goto https://item.jd.com/100226110132.html
[2026-03-26T02:07:28.902Z] [runner] page_state {"visibilityState":"visible","innerWidth":1439,"innerHeight":1142,"scrollY":0}
[2026-03-26T02:07:42.480Z] [runner] wait_purchase_area_ready
[2026-03-26T02:07:43.542Z] [runner] check_login
[2026-03-26T02:07:43.546Z] [runner] check_risk
[2026-03-26T02:07:43.643Z] [runner] find_purchase_entry attempt 1
[2026-03-26T02:07:43.680Z] [runner] purchase_found 立即购买  attempt 1
[2026-03-26T02:07:43.680Z] [runner] click_purchase attempt 1
[2026-03-26T02:07:43.730Z] [runner] wait_purchase_flow attempt 1
[2026-03-26T02:07:50.772Z] [runner] post_purchase_kind checkout
[2026-03-26T02:07:50.772Z] [runner] price_info {"price_text":"商品总额 ￥13099.00","price_value":"13099.00","currency":"CNY","checkout_signal":"商品总额"} isCheckout= true
[2026-03-26T02:07:51.197Z] [runner] goto https://item.jd.com/100218146966.html
[2026-03-26T02:07:51.581Z] [runner] page_state {"visibilityState":"visible","innerWidth":1439,"innerHeight":1142,"scrollY":0}
[2026-03-26T02:08:10.138Z] [runner] wait_purchase_area_ready
[2026-03-26T02:08:09.846Z] [runner] check_login
[2026-03-26T02:08:09.855Z] [runner] check_risk
[2026-03-26T02:08:09.914Z] [runner] find_purchase_entry attempt 1
[2026-03-26T02:08:09.928Z] [runner] purchase_found 立即购买  attempt 1
[2026-03-26T02:08:09.929Z] [runner] click_purchase attempt 1
[2026-03-26T02:08:09.976Z] [runner] wait_purchase_flow attempt 1
[2026-03-26T02:08:17.143Z] [runner] post_purchase_kind checkout
[2026-03-26T02:08:17.144Z] [runner] price_info {"price_text":"商品总额 ￥15499.00","price_value":"15499.00","currency":"CNY","checkout_signal":"商品总额"} isCheckout= true
[2026-03-26T02:08:17.527Z] [runner] goto https://item.jd.com/100169205655.html
[2026-03-26T02:08:17.855Z] [runner] page_state {"visibilityState":"visible","innerWidth":1439,"innerHeight":1142,"scrollY":0}
[2026-03-26T02:08:36.264Z] [runner] wait_purchase_area_ready
[2026-03-26T02:08:37.325Z] [runner] check_login
[2026-03-26T02:08:37.328Z] [runner] check_risk
[2026-03-26T02:08:37.393Z] [runner] find_purchase_entry attempt 1
[2026-03-26T02:08:37.411Z] [runner] purchase_found 立即购买  attempt 1
[2026-03-26T02:08:37.411Z] [runner] click_purchase attempt 1
[2026-03-26T02:08:37.455Z] [runner] wait_purchase_flow attempt 1
[2026-03-26T02:08:43.856Z] [runner] post_purchase_kind checkout
[2026-03-26T02:08:43.856Z] [runner] price_info {"price_text":"商品总额 ￥17499.00","price_value":"17499.00","currency":"CNY","checkout_signal":"商品总额"} isCheckout= true
[2026-03-26T02:09:43.851Z] [runner] goto https://item.jd.com/100186215392.html
[2026-03-26T02:09:44.404Z] [runner] page_state {"visibilityState":"visible","innerWidth":1439,"innerHeight":1142,"scrollY":0}
[2026-03-26T02:09:59.044Z] [runner] wait_purchase_area_ready
[2026-03-26T02:10:00.108Z] [runner] check_login
[2026-03-26T02:10:00.112Z] [runner] check_risk
[2026-03-26T02:10:00.188Z] [runner] find_purchase_entry attempt 1
[2026-03-26T02:10:00.211Z] [runner] purchase_found 立即购买  attempt 1
[2026-03-26T02:10:00.212Z] [runner] click_purchase attempt 1
[2026-03-26T02:10:00.261Z] [runner] wait_purchase_flow attempt 1
[2026-03-26T02:10:08.523Z] [runner] post_purchase_kind checkout
[2026-03-26T02:10:08.523Z] [runner] price_info {"price_text":"商品总额 ￥7299.00","price_value":"7299.00","currency":"CNY","checkout_signal":"商品总额"} isCheckout= true
[2026-03-26T02:10:08.999Z] [runner] goto https://item.jd.com/100185894090.html
[2026-03-26T02:10:09.371Z] [runner] page_state {"visibilityState":"visible","innerWidth":1439,"innerHeight":1142,"scrollY":0}
[2026-03-26T02:10:23.959Z] [runner] wait_purchase_area_ready
[2026-03-26T02:10:25.020Z] [runner] check_login
[2026-03-26T02:10:25.022Z] [runner] check_risk
[2026-03-26T02:10:25.090Z] [runner] find_purchase_entry attempt 1
[2026-03-26T02:10:25.109Z] [runner] purchase_found 立即购买  attempt 1
[2026-03-26T02:10:25.109Z] [runner] click_purchase attempt 1
[2026-03-26T02:10:25.154Z] [runner] wait_purchase_flow attempt 1
[2026-03-26T02:10:31.134Z] [runner] post_purchase_kind checkout
[2026-03-26T02:10:31.134Z] [runner] price_info {"price_text":"商品总额 ￥7499.00","price_value":"7499.00","currency":"CNY","checkout_signal":"商品总额"} isCheckout= true
[2026-03-26T02:10:31.577Z] [runner] goto https://item.jd.com/100109152429.html
[2026-03-26T02:10:32.048Z] [runner] page_state {"visibilityState":"visible","innerWidth":1439,"innerHeight":1142,"scrollY":0}
[2026-03-26T02:10:42.494Z] [runner] wait_purchase_area_ready
[2026-03-26T02:10:43.552Z] [runner] check_login
[2026-03-26T02:10:43.555Z] [runner] check_risk
[2026-03-26T02:10:43.611Z] [runner] find_purchase_entry attempt 1
[2026-03-26T02:10:44.230Z] [runner] goto https://item.jd.com/100157971225.html
[2026-03-26T02:10:44.618Z] [runner] page_state {"visibilityState":"visible","innerWidth":1439,"innerHeight":1142,"scrollY":0}
[2026-03-26T02:10:59.484Z] [runner] wait_purchase_area_ready
[2026-03-26T02:11:00.547Z] [runner] check_login
[2026-03-26T02:11:00.551Z] [runner] check_risk
[2026-03-26T02:11:00.620Z] [runner] find_purchase_entry attempt 1
[2026-03-26T02:11:00.642Z] [runner] purchase_found 立即购买  attempt 1
[2026-03-26T02:11:00.642Z] [runner] click_purchase attempt 1
[2026-03-26T02:11:00.699Z] [runner] wait_purchase_flow attempt 1
[2026-03-26T02:11:06.755Z] [runner] post_purchase_kind checkout
[2026-03-26T02:11:06.755Z] [runner] price_info {"price_text":"商品总额 ￥6799.00","price_value":"6799.00","currency":"CNY","checkout_signal":"商品总额"} isCheckout= true
[2026-03-26T02:11:07.166Z] [runner] goto https://item.jd.com/100241441971.html
[2026-03-26T02:11:07.574Z] [runner] page_state {"visibilityState":"visible","innerWidth":1439,"innerHeight":1142,"scrollY":0}
[2026-03-26T02:11:22.208Z] [runner] wait_purchase_area_ready
[2026-03-26T02:11:23.284Z] [runner] check_login
[2026-03-26T02:11:23.288Z] [runner] check_risk
[2026-03-26T02:11:23.397Z] [runner] find_purchase_entry attempt 1
[2026-03-26T02:11:23.416Z] [runner] purchase_found 立即购买  attempt 1
[2026-03-26T02:11:23.416Z] [runner] click_purchase attempt 1
[2026-03-26T02:11:23.475Z] [runner] wait_purchase_flow attempt 1
[2026-03-26T02:11:30.453Z] [runner] post_purchase_kind checkout
[2026-03-26T02:11:30.453Z] [runner] price_info {"price_text":"商品总额 ￥6299.00","price_value":"6299.00","currency":"CNY","checkout_signal":"商品总额"} isCheckout= true
[2026-03-26T02:12:41.508Z] [runner] goto https://item.jd.com/10136774271878.html
[2026-03-26T02:12:42.234Z] [runner] page_state {"visibilityState":"visible","innerWidth":1439,"innerHeight":1142,"scrollY":0}
[2026-03-26T02:12:58.666Z] [runner] wait_purchase_area_ready
[2026-03-26T02:12:59.735Z] [runner] check_login
[2026-03-26T02:12:59.738Z] [runner] check_risk
[2026-03-26T02:12:59.794Z] [runner] find_purchase_entry attempt 1
[2026-03-26T02:13:00.322Z] [runner] goto https://item.jd.com/100157535335.html
[2026-03-26T02:13:00.675Z] [runner] page_state {"visibilityState":"visible","innerWidth":1439,"innerHeight":1142,"scrollY":0}
[2026-03-26T02:13:16.683Z] [runner] wait_purchase_area_ready
[2026-03-26T02:13:17.742Z] [runner] check_login
[2026-03-26T02:13:17.745Z] [runner] check_risk
[2026-03-26T02:13:17.799Z] [runner] find_purchase_entry attempt 1
[2026-03-26T02:13:18.376Z] [runner] goto https://item.jd.com/100157971231.html
[2026-03-26T02:13:18.779Z] [runner] page_state {"visibilityState":"visible","innerWidth":1439,"innerHeight":1142,"scrollY":0}
[2026-03-26T02:13:36.121Z] [runner] wait_purchase_area_ready
[2026-03-26T02:13:37.181Z] [runner] check_login
[2026-03-26T02:13:37.186Z] [runner] check_risk
[2026-03-26T02:13:37.260Z] [runner] find_purchase_entry attempt 1
[2026-03-26T02:13:37.277Z] [runner] purchase_found 立即购买  attempt 1
[2026-03-26T02:13:37.277Z] [runner] click_purchase attempt 1
[2026-03-26T02:13:37.333Z] [runner] wait_purchase_flow attempt 1
[2026-03-26T02:13:45.346Z] [runner] post_purchase_kind checkout
[2026-03-26T02:13:45.346Z] [runner] price_info {"price_text":"商品总额 ￥6999.00","price_value":"6999.00","currency":"CNY","checkout_signal":"商品总额"} isCheckout= true
[2026-03-26T02:13:45.782Z] [runner] goto https://item.jd.com/100154268235.html
[2026-03-26T02:13:46.270Z] [runner] page_state {"visibilityState":"visible","innerWidth":1439,"innerHeight":1142,"scrollY":0}
[2026-03-26T02:13:56.653Z] [runner] wait_purchase_area_ready
[2026-03-26T02:13:57.722Z] [runner] check_login
[2026-03-26T02:13:57.728Z] [runner] check_risk
[2026-03-26T02:13:57.822Z] [runner] find_purchase_entry attempt 1
[2026-03-26T02:13:58.430Z] [runner] goto https://item.jd.com/100171614254.html
[2026-03-26T02:13:58.777Z] [runner] page_state {"visibilityState":"visible","innerWidth":1439,"innerHeight":1142,"scrollY":0}
[2026-03-26T02:14:17.000Z] [runner] wait_purchase_area_ready
[2026-03-26T02:14:18.062Z] [runner] check_login
[2026-03-26T02:14:18.066Z] [runner] check_risk
[2026-03-26T02:14:18.129Z] [runner] find_purchase_entry attempt 1
[2026-03-26T02:14:18.146Z] [runner] purchase_found 立即购买  attempt 1
[2026-03-26T02:14:18.146Z] [runner] click_purchase attempt 1
[2026-03-26T02:14:18.192Z] [runner] wait_purchase_flow attempt 1
[2026-03-26T02:14:25.698Z] [runner] post_purchase_kind checkout
[2026-03-26T02:14:25.699Z] [runner] price_info {"price_text":"商品总额 ￥4999.00","price_value":"4999.00","currency":"CNY","checkout_signal":"商品总额"} isCheckout= true
[2026-03-26T02:16:16.225Z] [runner] goto https://item.jd.com/100171614234.html
[2026-03-26T02:16:16.708Z] [runner] page_state {"visibilityState":"visible","innerWidth":1439,"innerHeight":1142,"scrollY":0}
[2026-03-26T02:16:32.458Z] [runner] wait_purchase_area_ready
[2026-03-26T02:16:33.552Z] [runner] check_login
[2026-03-26T02:16:33.555Z] [runner] check_risk
[2026-03-26T02:16:33.620Z] [runner] find_purchase_entry attempt 1
[2026-03-26T02:16:33.636Z] [runner] purchase_found 立即购买  attempt 1
[2026-03-26T02:16:33.636Z] [runner] click_purchase attempt 1
[2026-03-26T02:16:33.683Z] [runner] wait_purchase_flow attempt 1
[2026-03-26T02:16:41.329Z] [runner] post_purchase_kind checkout
[2026-03-26T02:16:41.329Z] [runner] price_info {"price_text":"商品总额 ￥4599.00","price_value":"4599.00","currency":"CNY","checkout_signal":"商品总额"} isCheckout= true
[2026-03-26T02:16:41.712Z] [runner] goto https://item.jd.com/100138199905.html
[2026-03-26T02:16:42.051Z] [runner] page_state {"visibilityState":"visible","innerWidth":1439,"innerHeight":1142,"scrollY":0}
[2026-03-26T02:17:01.543Z] [runner] wait_purchase_area_ready
[2026-03-26T02:17:02.604Z] [runner] check_login
[2026-03-26T02:17:02.607Z] [runner] check_risk
[2026-03-26T02:17:02.675Z] [runner] find_purchase_entry attempt 1
[2026-03-26T02:17:03.228Z] [runner] goto https://item.jd.com/100171614232.html
[2026-03-26T02:17:03.560Z] [runner] page_state {"visibilityState":"visible","innerWidth":1439,"innerHeight":1142,"scrollY":0}
[2026-03-26T02:17:20.417Z] [runner] wait_purchase_area_ready
[2026-03-26T02:17:21.484Z] [runner] check_login
[2026-03-26T02:17:21.488Z] [runner] check_risk
[2026-03-26T02:17:21.570Z] [runner] find_purchase_entry attempt 1
[2026-03-26T02:17:21.595Z] [runner] purchase_found 立即购买  attempt 1
[2026-03-26T02:17:21.595Z] [runner] click_purchase attempt 1
[2026-03-26T02:17:21.651Z] [runner] wait_purchase_flow attempt 1
[2026-03-26T02:17:29.685Z] [runner] post_purchase_kind checkout
[2026-03-26T02:17:29.685Z] [runner] price_info {"price_text":"商品总额 ￥4799.00","price_value":"4799.00","currency":"CNY","checkout_signal":"商品总额"} isCheckout= true
[2026-03-26T02:17:30.103Z] [runner] goto https://item.jd.com/100186215390.html
[2026-03-26T02:17:30.625Z] [runner] page_state {"visibilityState":"visible","innerWidth":1439,"innerHeight":1142,"scrollY":0}
[2026-03-26T02:17:47.328Z] [runner] wait_purchase_area_ready
[2026-03-26T02:17:48.393Z] [runner] check_login
[2026-03-26T02:17:48.396Z] [runner] check_risk
[2026-03-26T02:17:48.463Z] [runner] find_purchase_entry attempt 1
[2026-03-26T02:17:48.481Z] [runner] purchase_found 立即购买  attempt 1
[2026-03-26T02:17:48.481Z] [runner] click_purchase attempt 1
[2026-03-26T02:17:48.528Z] [runner] wait_purchase_flow attempt 1
[2026-03-26T02:17:53.331Z] [runner] post_purchase_kind checkout
[2026-03-26T02:17:53.331Z] [runner] price_info {"price_text":"商品总额 ￥9299.00","price_value":"9299.00","currency":"CNY","checkout_signal":"商品总额"} isCheckout= true
[2026-03-26T02:17:53.762Z] [runner] goto https://item.jd.com/100141453386.html
[2026-03-26T02:17:54.158Z] [runner] page_state {"visibilityState":"visible","innerWidth":1439,"innerHeight":1142,"scrollY":0}
[2026-03-26T02:18:04.709Z] [runner] wait_purchase_area_ready
[2026-03-26T02:18:05.770Z] [runner] check_login
[2026-03-26T02:18:05.774Z] [runner] check_risk
[2026-03-26T02:18:05.839Z] [runner] find_purchase_entry attempt 1
[2026-03-26T02:18:05.856Z] [runner] purchase_found 立即购买  attempt 1
[2026-03-26T02:18:05.856Z] [runner] click_purchase attempt 1
[2026-03-26T02:18:05.909Z] [runner] wait_purchase_flow attempt 1
[2026-03-26T02:18:12.517Z] [runner] post_purchase_kind checkout
[2026-03-26T02:18:12.517Z] [runner] price_info {"price_text":"商品总额 ￥9499.00","price_value":"9499.00","currency":"CNY","checkout_signal":"商品总额"} isCheckout= true
[2026-03-26T02:19:45.388Z] [runner] goto https://item.jd.com/100145847621.html
[2026-03-26T02:19:45.900Z] [runner] page_state {"visibilityState":"visible","innerWidth":1439,"innerHeight":1142,"scrollY":0}
[2026-03-26T02:20:02.690Z] [runner] wait_purchase_area_ready
[2026-03-26T02:20:17.854Z] [runner] check_login
[2026-03-26T02:20:17.859Z] [runner] check_risk
[2026-03-26T02:20:17.954Z] [runner] find_purchase_entry attempt 1
[2026-03-26T02:20:18.493Z] [runner] goto https://item.jd.com/100165851444.html
[2026-03-26T02:20:17.489Z] [runner] page_state {"visibilityState":"visible","innerWidth":1439,"innerHeight":1142,"scrollY":0}
[2026-03-26T02:20:30.124Z] [runner] wait_purchase_area_ready
[2026-03-26T02:20:31.200Z] [runner] check_login
[2026-03-26T02:20:31.204Z] [runner] check_risk
[2026-03-26T02:20:31.304Z] [runner] find_purchase_entry attempt 1
[2026-03-26T02:20:31.330Z] [runner] purchase_found 立即购买  attempt 1
[2026-03-26T02:20:31.331Z] [runner] click_purchase attempt 1
[2026-03-26T02:20:31.385Z] [runner] wait_purchase_flow attempt 1
[2026-03-26T02:20:36.275Z] [runner] post_purchase_kind checkout
[2026-03-26T02:20:36.275Z] [runner] price_info {"price_text":"商品总额 ￥4999.00","price_value":"4999.00","currency":"CNY","checkout_signal":"商品总额"} isCheckout= true
[2026-03-26T02:20:36.696Z] [runner] goto https://item.jd.com/100223758220.html
[2026-03-26T02:20:37.083Z] [runner] page_state {"visibilityState":"visible","innerWidth":1439,"innerHeight":1142,"scrollY":0}
[2026-03-26T02:20:47.663Z] [runner] wait_purchase_area_ready
[2026-03-26T02:20:48.736Z] [runner] check_login
[2026-03-26T02:20:48.740Z] [runner] check_risk
[2026-03-26T02:20:48.804Z] [runner] find_purchase_entry attempt 1
[2026-03-26T02:20:48.827Z] [runner] purchase_found 立即购买  attempt 1
[2026-03-26T02:20:48.827Z] [runner] click_purchase attempt 1
[2026-03-26T02:20:48.877Z] [runner] wait_purchase_flow attempt 1
[2026-03-26T02:20:54.219Z] [runner] post_purchase_kind checkout
[2026-03-26T02:20:54.219Z] [runner] price_info {"price_text":"商品总额 ￥9499.00","price_value":"9499.00","currency":"CNY","checkout_signal":"商品总额"} isCheckout= true
[2026-03-26T02:20:54.643Z] [runner] goto https://item.jd.com/100165631515.html
[2026-03-26T02:20:55.002Z] [runner] page_state {"visibilityState":"visible","innerWidth":1439,"innerHeight":1142,"scrollY":0}
[2026-03-26T02:21:09.810Z] [runner] wait_purchase_area_ready
[2026-03-26T02:21:10.869Z] [runner] check_login
[2026-03-26T02:21:10.872Z] [runner] check_risk
[2026-03-26T02:21:10.949Z] [runner] find_purchase_entry attempt 1
[2026-03-26T02:21:10.966Z] [runner] purchase_found 立即购买  attempt 1
[2026-03-26T02:21:10.966Z] [runner] click_purchase attempt 1
[2026-03-26T02:21:11.008Z] [runner] wait_purchase_flow attempt 1
[2026-03-26T02:21:18.004Z] [runner] post_purchase_kind checkout
[2026-03-26T02:21:18.005Z] [runner] price_info {"price_text":"商品总额 ￥10299.00","price_value":"10299.00","currency":"CNY","checkout_signal":"商品总额"} isCheckout= true
[2026-03-26T02:21:18.415Z] [runner] goto https://item.jd.com/100222021190.html
[2026-03-26T02:21:18.707Z] [runner] page_state {"visibilityState":"visible","innerWidth":1439,"innerHeight":1142,"scrollY":0}
[2026-03-26T02:21:34.256Z] [runner] wait_purchase_area_ready
[2026-03-26T02:21:35.315Z] [runner] check_login
[2026-03-26T02:21:35.320Z] [runner] check_risk
[2026-03-26T02:21:35.425Z] [runner] find_purchase_entry attempt 1
[2026-03-26T02:21:35.441Z] [runner] purchase_found 立即购买  attempt 1
[2026-03-26T02:21:35.441Z] [runner] click_purchase attempt 1
[2026-03-26T02:21:35.488Z] [runner] wait_purchase_flow attempt 1
[2026-03-26T02:21:43.021Z] [runner] post_purchase_kind checkout
[2026-03-26T02:21:43.021Z] [runner] price_info {"price_text":"商品总额 ￥9699.00","price_value":"9699.00","currency":"CNY","checkout_signal":"商品总额"} isCheckout= true
[2026-03-26T02:22:54.027Z] [runner] goto https://item.jd.com/100222021222.html
[2026-03-26T02:22:54.665Z] [runner] page_state {"visibilityState":"visible","innerWidth":1439,"innerHeight":1142,"scrollY":0}
[2026-03-26T02:23:06.215Z] [runner] wait_purchase_area_ready
[2026-03-26T02:23:07.287Z] [runner] check_login
[2026-03-26T02:23:07.290Z] [runner] check_risk
[2026-03-26T02:23:07.372Z] [runner] find_purchase_entry attempt 1
[2026-03-26T02:23:07.397Z] [runner] purchase_found 立即购买  attempt 1
[2026-03-26T02:23:07.398Z] [runner] click_purchase attempt 1
[2026-03-26T02:23:07.448Z] [runner] wait_purchase_flow attempt 1
[2026-03-26T02:23:13.986Z] [runner] post_purchase_kind checkout
[2026-03-26T02:23:13.986Z] [runner] price_info {"price_text":"商品总额 ￥10299.00","price_value":"10299.00","currency":"CNY","checkout_signal":"商品总额"} isCheckout= true
[2026-03-26T02:23:14.419Z] [runner] goto https://item.jd.com/100212784820.html
[2026-03-26T02:23:14.797Z] [runner] page_state {"visibilityState":"visible","innerWidth":1439,"innerHeight":1142,"scrollY":0}
[2026-03-26T02:23:31.489Z] [runner] wait_purchase_area_ready
[2026-03-26T02:23:32.548Z] [runner] check_login
[2026-03-26T02:23:32.551Z] [runner] check_risk
[2026-03-26T02:23:32.622Z] [runner] find_purchase_entry attempt 1
[2026-03-26T02:23:32.641Z] [runner] purchase_found 立即购买  attempt 1
[2026-03-26T02:23:32.642Z] [runner] click_purchase attempt 1
[2026-03-26T02:23:32.683Z] [runner] wait_purchase_flow attempt 1
[2026-03-26T02:23:37.664Z] [runner] post_purchase_kind checkout
[2026-03-26T02:23:37.665Z] [runner] price_info {"price_text":"商品总额 ￥12999.00","price_value":"12999.00","currency":"CNY","checkout_signal":"商品总额"} isCheckout= true
[2026-03-26T02:23:38.103Z] [runner] goto https://item.jd.com/100172948815.html
[2026-03-26T02:23:38.432Z] [runner] page_state {"visibilityState":"visible","innerWidth":1439,"innerHeight":1142,"scrollY":0}
[2026-03-26T02:23:56.511Z] [runner] wait_purchase_area_ready
[2026-03-26T02:23:57.571Z] [runner] check_login
[2026-03-26T02:23:57.574Z] [runner] check_risk
[2026-03-26T02:23:57.632Z] [runner] find_purchase_entry attempt 1
[2026-03-26T02:23:57.647Z] [runner] purchase_found 立即购买  attempt 1
[2026-03-26T02:23:57.648Z] [runner] click_purchase attempt 1
[2026-03-26T02:23:57.700Z] [runner] wait_purchase_flow attempt 1
[2026-03-26T02:24:05.062Z] [runner] post_purchase_kind checkout
[2026-03-26T02:24:05.062Z] [runner] price_info {"price_text":"商品总额 ￥8999.00","price_value":"8999.00","currency":"CNY","checkout_signal":"商品总额"} isCheckout= true
[2026-03-26T02:24:05.541Z] [runner] goto https://item.jd.com/100212784844.html
[2026-03-26T02:24:06.114Z] [runner] page_state {"visibilityState":"visible","innerWidth":1439,"innerHeight":1142,"scrollY":0}
[2026-03-26T02:24:17.369Z] [runner] wait_purchase_area_ready
[2026-03-26T02:24:18.422Z] [runner] check_login
[2026-03-26T02:24:18.425Z] [runner] check_risk
[2026-03-26T02:24:18.481Z] [runner] find_purchase_entry attempt 1
[2026-03-26T02:24:18.498Z] [runner] purchase_found 立即购买  attempt 1
[2026-03-26T02:24:18.498Z] [runner] click_purchase attempt 1
[2026-03-26T02:24:18.546Z] [runner] wait_purchase_flow attempt 1
[2026-03-26T02:24:25.949Z] [runner] post_purchase_kind checkout
[2026-03-26T02:24:25.949Z] [runner] price_info {"price_text":"商品总额 ￥9799.00","price_value":"9799.00","currency":"CNY","checkout_signal":"商品总额"} isCheckout= true
[2026-03-26T02:24:26.334Z] [runner] goto https://item.jd.com/100172948833.html
[2026-03-26T02:24:26.593Z] [runner] page_state {"visibilityState":"visible","innerWidth":1439,"innerHeight":1142,"scrollY":0}
[2026-03-26T02:24:41.747Z] [runner] wait_purchase_area_ready
[2026-03-26T02:24:42.807Z] [runner] check_login
[2026-03-26T02:24:42.809Z] [runner] check_risk
[2026-03-26T02:24:42.874Z] [runner] find_purchase_entry attempt 1
[2026-03-26T02:24:42.891Z] [runner] purchase_found 立即购买  attempt 1
[2026-03-26T02:24:42.891Z] [runner] click_purchase attempt 1
[2026-03-26T02:24:42.931Z] [runner] wait_purchase_flow attempt 1
[2026-03-26T02:24:48.163Z] [runner] post_purchase_kind checkout
[2026-03-26T02:24:48.163Z] [runner] price_info {"price_text":"商品总额 ￥9699.00","price_value":"9699.00","currency":"CNY","checkout_signal":"商品总额"} isCheckout= true
[2026-03-26T02:25:48.772Z] [runner] goto https://item.jd.com/100165631499.html
[2026-03-26T02:25:49.223Z] [runner] page_state {"visibilityState":"visible","innerWidth":1439,"innerHeight":1142,"scrollY":0}
[2026-03-26T02:26:08.096Z] [runner] wait_purchase_area_ready
[2026-03-26T02:26:09.164Z] [runner] check_login
[2026-03-26T02:26:09.167Z] [runner] check_risk
[2026-03-26T02:26:09.225Z] [runner] find_purchase_entry attempt 1
[2026-03-26T02:26:09.239Z] [runner] purchase_found 立即购买  attempt 1
[2026-03-26T02:26:09.240Z] [runner] click_purchase attempt 1
[2026-03-26T02:26:09.277Z] [runner] wait_purchase_flow attempt 1
[2026-03-26T02:26:16.314Z] [runner] post_purchase_kind checkout
[2026-03-26T02:26:16.314Z] [runner] price_info {"price_text":"商品总额 ￥10999.00","price_value":"10999.00","currency":"CNY","checkout_signal":"商品总额"} isCheckout= true
[2026-03-26T02:26:15.873Z] [runner] goto https://item.jd.com/100166879203.html
[2026-03-26T02:26:16.225Z] [runner] page_state {"visibilityState":"visible","innerWidth":1439,"innerHeight":1142,"scrollY":0}
[2026-03-26T02:26:34.564Z] [runner] wait_purchase_area_ready
[2026-03-26T02:26:35.631Z] [runner] check_login
[2026-03-26T02:26:35.634Z] [runner] check_risk
[2026-03-26T02:26:35.753Z] [runner] find_purchase_entry attempt 1
[2026-03-26T02:26:35.776Z] [runner] purchase_found 立即购买  attempt 1
[2026-03-26T02:26:35.776Z] [runner] click_purchase attempt 1
[2026-03-26T02:26:35.832Z] [runner] wait_purchase_flow attempt 1
[2026-03-26T02:26:43.086Z] [runner] post_purchase_kind checkout
[2026-03-26T02:26:43.086Z] [runner] price_info {"price_text":"商品总额 ￥11999.00","price_value":"11999.00","currency":"CNY","checkout_signal":"商品总额"} isCheckout= true
[2026-03-26T02:26:43.452Z] [runner] goto https://item.jd.com/100155004255.html
[2026-03-26T02:26:43.865Z] [runner] page_state {"visibilityState":"visible","innerWidth":1439,"innerHeight":1142,"scrollY":0}
[2026-03-26T02:26:58.198Z] [runner] wait_purchase_area_ready
[2026-03-26T02:26:59.262Z] [runner] check_login
[2026-03-26T02:26:59.267Z] [runner] check_risk
[2026-03-26T02:26:59.326Z] [runner] find_purchase_entry attempt 1
[2026-03-26T02:26:59.344Z] [runner] purchase_found 立即购买  attempt 1
[2026-03-26T02:26:59.344Z] [runner] click_purchase attempt 1
[2026-03-26T02:26:59.391Z] [runner] wait_purchase_flow attempt 1
[2026-03-26T02:27:03.846Z] [runner] post_purchase_kind checkout
[2026-03-26T02:27:03.846Z] [runner] price_info {"price_text":"商品总额 ￥5999.00","price_value":"5999.00","currency":"CNY","checkout_signal":"商品总额"} isCheckout= true
