[2026-03-27T10:40:10.712Z] [runner] verbose logging enabled
[2026-03-27T10:40:54.233Z] [runner] verbose logging enabled
[2026-03-27T10:43:36.901Z] [runner] verbose logging enabled
[2026-03-27T10:43:45.287Z] [runner] goto https://item.jd.com/100172948815.html
[2026-03-27T10:43:47.935Z] [runner] page_state {"visibilityState":"visible","innerWidth":1439,"innerHeight":1142,"scrollY":0}
[2026-03-27T10:44:03.541Z] [runner] wait_purchase_area_ready
[2026-03-27T10:44:04.836Z] [runner] check_login
[2026-03-27T10:44:04.855Z] [runner] check_risk
[2026-03-27T10:44:04.986Z] [runner] find_purchase_entry attempt 1
[2026-03-27T10:44:05.006Z] [runner] purchase_found 立即购买  attempt 1
[2026-03-27T10:44:05.006Z] [runner] click_purchase attempt 1
[2026-03-27T10:44:05.053Z] [runner] wait_purchase_flow attempt 1
[2026-03-27T10:44:10.911Z] [runner] post_purchase_kind checkout
[2026-03-27T10:44:10.911Z] [runner] price_info {"price_text":"商品总额 ￥8999.00","price_value":"8999.00","currency":"CNY","checkout_signal":"商品总额"} isCheckout= true
[2026-03-27T10:44:11.326Z] [runner] goto https://item.jd.com/100212784844.html
[2026-03-27T10:44:11.978Z] [runner] page_state {"visibilityState":"visible","innerWidth":1439,"innerHeight":1142,"scrollY":0}
[2026-03-27T10:44:29.362Z] [runner] wait_purchase_area_ready
[2026-03-27T10:44:30.425Z] [runner] check_login
[2026-03-27T10:44:30.439Z] [runner] check_risk
[2026-03-27T10:44:30.524Z] [runner] find_purchase_entry attempt 1
[2026-03-27T10:44:30.542Z] [runner] purchase_found 立即购买  attempt 1
[2026-03-27T10:44:30.543Z] [runner] click_purchase attempt 1
[2026-03-27T10:44:30.588Z] [runner] wait_purchase_flow attempt 1
[2026-03-27T10:44:35.246Z] [runner] post_purchase_kind checkout
[2026-03-27T10:44:35.246Z] [runner] price_info {"price_text":"商品总额 ￥9799.00","price_value":"9799.00","currency":"CNY","checkout_signal":"商品总额"} isCheckout= true
[2026-03-27T10:44:35.661Z] [runner] goto https://item.jd.com/100172948833.html
[2026-03-27T10:44:36.355Z] [runner] page_state {"visibilityState":"visible","innerWidth":1439,"innerHeight":1142,"scrollY":0}
[2026-03-27T10:44:50.288Z] [runner] wait_purchase_area_ready
[2026-03-27T10:44:51.357Z] [runner] check_login
[2026-03-27T10:44:51.371Z] [runner] check_risk
[2026-03-27T10:44:51.461Z] [runner] find_purchase_entry attempt 1
[2026-03-27T10:44:51.480Z] [runner] purchase_found 立即购买  attempt 1
[2026-03-27T10:44:51.480Z] [runner] click_purchase attempt 1
[2026-03-27T10:44:51.531Z] [runner] wait_purchase_flow attempt 1
[2026-03-27T10:44:59.390Z] [runner] post_purchase_kind checkout
[2026-03-27T10:44:59.390Z] [runner] price_info {"price_text":"商品总额 ￥9699.00","price_value":"9699.00","currency":"CNY","checkout_signal":"商品总额"} isCheckout= true
[2026-03-27T10:44:59.816Z] [runner] goto https://item.jd.com/100165631499.html
[2026-03-27T10:45:00.350Z] [runner] page_state {"visibilityState":"visible","innerWidth":1439,"innerHeight":1142,"scrollY":0}
[2026-03-27T10:45:12.754Z] [runner] wait_purchase_area_ready
[2026-03-27T10:45:13.811Z] [runner] check_login
[2026-03-27T10:45:13.826Z] [runner] check_risk
[2026-03-27T10:45:13.912Z] [runner] find_purchase_entry attempt 1
[2026-03-27T10:45:13.929Z] [runner] purchase_found 立即购买  attempt 1
[2026-03-27T10:45:13.929Z] [runner] click_purchase attempt 1
[2026-03-27T10:45:13.974Z] [runner] wait_purchase_flow attempt 1
[2026-03-27T10:45:21.243Z] [runner] post_purchase_kind checkout
[2026-03-27T10:45:21.244Z] [runner] price_info {"price_text":"商品总额 ￥10999.00","price_value":"10999.00","currency":"CNY","checkout_signal":"商品总额"} isCheckout= true
[2026-03-27T10:45:21.669Z] [runner] goto https://item.jd.com/100166879203.html
[2026-03-27T10:45:22.279Z] [runner] page_state {"visibilityState":"visible","innerWidth":1439,"innerHeight":1142,"scrollY":0}
[2026-03-27T10:45:33.102Z] [runner] wait_purchase_area_ready
[2026-03-27T10:45:34.163Z] [runner] check_login
[2026-03-27T10:45:34.178Z] [runner] check_risk
[2026-03-27T10:45:34.276Z] [runner] find_purchase_entry attempt 1
[2026-03-27T10:45:34.296Z] [runner] purchase_found 立即购买  attempt 1
[2026-03-27T10:45:34.296Z] [runner] click_purchase attempt 1
[2026-03-27T10:45:34.339Z] [runner] wait_purchase_flow attempt 1
[2026-03-27T10:45:40.584Z] [runner] post_purchase_kind checkout
[2026-03-27T10:45:40.584Z] [runner] price_info {"price_text":"商品总额 ￥11999.00","price_value":"11999.00","currency":"CNY","checkout_signal":"商品总额"} isCheckout= true
[2026-03-27T10:46:47.233Z] [runner] goto https://item.jd.com/100155004255.html
[2026-03-27T10:46:48.215Z] [runner] page_state {"visibilityState":"visible","innerWidth":1439,"innerHeight":1142,"scrollY":0}
[2026-03-27T10:47:04.894Z] [runner] wait_purchase_area_ready
[2026-03-27T10:47:05.963Z] [runner] check_login
[2026-03-27T10:47:05.977Z] [runner] check_risk
[2026-03-27T10:47:06.059Z] [runner] find_purchase_entry attempt 1
[2026-03-27T10:47:06.077Z] [runner] purchase_found 立即购买  attempt 1
[2026-03-27T10:47:06.078Z] [runner] click_purchase attempt 1
[2026-03-27T10:47:06.128Z] [runner] wait_purchase_flow attempt 1
[2026-03-27T10:47:14.436Z] [runner] post_purchase_kind checkout
[2026-03-27T10:47:14.436Z] [runner] price_info {"price_text":"商品总额 ￥5999.00","price_value":"5999.00","currency":"CNY","checkout_signal":"商品总额"} isCheckout= true
